
2025-10-26 17:05:25.809019 - INFO - Archivo de log creado correctamente
2025-10-26 17:05:25.920144 - INFO - Verificando conectividad de Internet
2025-10-26 17:05:34.630155 - INFO - Conexion a internet exitosa
2025-10-26 17:05:40.389866 - INFO - Conexion a servidor correo exitosa
2025-10-26 17:05:47.815748 - INFO - Procesando correo ID: 2160
2025-10-26 17:05:48.048407 - INFO - Leyendo correo de: info@twitter.com
2025-10-26 17:05:48.538177 - INFO - Iniciando registro de datos en el sistema
2025-10-26 17:05:49.373618 - INFO - Finalizando guardado de datos
2025-10-26 17:05:49.616401 - INFO - Dato registrado -> fecha: 2022-05-21 15:09:14
2025-10-26 17:05:49.788537 - INFO - Dato registrado -> asunto: Phillip Butters Fans Tweeted: Miserable e incapaz
2025-10-26 17:05:50.032580 - INFO - Dato registrado -> remitente: info@twitter.com
2025-10-26 17:05:50.181506 - INFO - Dato registrado -> destinatario: challcojuarezjarekangelo@gmail.com
2025-10-26 17:05:50.427707 - INFO - Dato registrado -> cuerpo: ...
2025-10-26 17:05:54.357412 - INFO - Procesando correo ID: 2174
2025-10-26 17:05:54.631265 - INFO - Leyendo correo de: noreply@youtube.com
2025-10-26 17:05:55.107418 - INFO - Iniciando registro de datos en el sistema
2025-10-26 17:05:56.017045 - INFO - Finalizando guardado de datos
2025-10-26 17:05:56.218496 - INFO - Dato registrado -> fecha: 2022-05-23 01:15:57
2025-10-26 17:05:56.484692 - INFO - Dato registrado -> asunto: Actualizaciones sobre canales de artistas y suscripciones relacionadas
2025-10-26 17:05:56.690364 - INFO - Dato registrado -> remitente: noreply@youtube.com
2025-10-26 17:05:56.969036 - INFO - Dato registrado -> destinatario: challcojuarezjarekangelo@gmail.com
2025-10-26 17:05:57.169751 - INFO - Dato registrado -> cuerpo: Youtube Logo Official Artist Channels combine content and subscriptions from multiple channels into one. Hola, fanaticos de la musica: Queremos informar que comenzamos a migrar tus suscripciones y la configuracion de notificaciones a los canales oficiales de artistas . Podras administ...
2025-10-26 17:06:02.051700 - INFO - Procesando correo ID: 2193
2025-10-26 17:06:02.289256 - INFO - Leyendo correo de: info@twitter.com
2025-10-26 17:06:02.683644 - INFO - Iniciando registro de datos en el sistema
2025-10-26 17:06:03.259210 - INFO - Finalizando guardado de datos
2025-10-26 17:06:03.463287 - INFO - Dato registrado -> fecha: 2022-05-24 01:40:28
2025-10-26 17:06:03.657183 - INFO - Dato registrado -> asunto: Carla Garcia B  Tweeted: Alan Garcia, el politico que no debio par...
2025-10-26 17:06:03.852204 - INFO - Dato registrado -> remitente: info@twitter.com
2025-10-26 17:06:04.039504 - INFO - Dato registrado -> destinatario: challcojuarezjarekangelo@gmail.com
2025-10-26 17:06:04.241048 - INFO - Dato registrado -> cuerpo: ...
2025-10-26 17:06:08.386447 - INFO - Procesando correo ID: 2201
2025-10-26 17:06:08.652445 - INFO - Leyendo correo de: info@twitter.com
2025-10-26 17:06:09.045832 - INFO - Iniciando registro de datos en el sistema
2025-10-26 17:06:09.606998 - INFO - Finalizando guardado de datos
2025-10-26 17:06:09.855225 - INFO - Dato registrado -> fecha: 2022-05-24 13:35:20
2025-10-26 17:06:10.018508 - INFO - Dato registrado -> asunto: Diario Expreso Tweeted:  Moyano gana a IDL y a terrorista en tribu...
2025-10-26 17:06:10.247410 - INFO - Dato registrado -> remitente: info@twitter.com
2025-10-26 17:06:10.407073 - INFO - Dato registrado -> destinatario: challcojuarezjarekangelo@gmail.com
2025-10-26 17:06:10.645556 - INFO - Dato registrado -> cuerpo: ...
2025-10-26 17:06:14.820940 - INFO - Procesando correo ID: 2210
2025-10-26 17:06:15.100782 - INFO - Leyendo correo de: info@twitter.com
2025-10-26 17:06:15.491881 - INFO - Iniciando registro de datos en el sistema
2025-10-26 17:06:16.050045 - INFO - Finalizando guardado de datos
2025-10-26 17:06:16.320691 - INFO - Dato registrado -> fecha: 2022-05-25 07:08:51
2025-10-26 17:06:16.436083 - INFO - Dato registrado -> asunto: ARI GAMEPLAYS ?? Tweeted: Varios de ustedes tenian la duda de c...
2025-10-26 17:06:16.728686 - INFO - Dato registrado -> remitente: info@twitter.com
2025-10-26 17:06:16.844582 - INFO - Dato registrado -> destinatario: challcojuarezjarekangelo@gmail.com
2025-10-26 17:06:17.126339 - INFO - Dato registrado -> cuerpo: ...
2025-10-26 17:06:21.032962 - INFO - Procesando correo ID: 2219
2025-10-26 17:06:21.279502 - INFO - Leyendo correo de: info@twitter.com
2025-10-26 17:06:21.684124 - INFO - Iniciando registro de datos en el sistema
2025-10-26 17:06:22.240470 - INFO - Finalizando guardado de datos
2025-10-26 17:06:22.494774 - INFO - Dato registrado -> fecha: 2022-05-26 01:37:57
2025-10-26 17:06:22.648870 - INFO - Dato registrado -> asunto: Carlos A. Anderson Tweeted: No me preocupa el grito de los violento...
2025-10-26 17:06:22.900518 - INFO - Dato registrado -> remitente: info@twitter.com
2025-10-26 17:06:23.058248 - INFO - Dato registrado -> destinatario: challcojuarezjarekangelo@gmail.com
2025-10-26 17:06:23.297955 - INFO - Dato registrado -> cuerpo: ...
2025-10-26 17:06:27.504145 - INFO - Procesando correo ID: 2227
2025-10-26 17:06:27.759303 - INFO - Leyendo correo de: info@twitter.com
2025-10-26 17:06:28.159236 - INFO - Iniciando registro de datos en el sistema
2025-10-26 17:06:28.723653 - INFO - Finalizando guardado de datos
2025-10-26 17:06:28.974764 - INFO - Dato registrado -> fecha: 2022-05-26 16:06:06
2025-10-26 17:06:29.108014 - INFO - Dato registrado -> asunto: Augusto Thorndike Tweeted: Amen!
2025-10-26 17:06:29.391991 - INFO - Dato registrado -> remitente: info@twitter.com
2025-10-26 17:06:29.527248 - INFO - Dato registrado -> destinatario: challcojuarezjarekangelo@gmail.com
2025-10-26 17:06:29.774002 - INFO - Dato registrado -> cuerpo: ...
2025-10-26 17:06:33.751957 - INFO - Procesando correo ID: 2231
2025-10-26 17:06:34.016067 - INFO - Leyendo correo de: info@twitter.com
2025-10-26 17:06:34.417941 - INFO - Iniciando registro de datos en el sistema
2025-10-26 17:06:34.964265 - INFO - Finalizando guardado de datos
2025-10-26 17:06:35.212748 - INFO - Dato registrado -> fecha: 2022-05-27 06:05:09
2025-10-26 17:06:35.368429 - INFO - Dato registrado -> asunto: SerCorruptoNoEsDelito Tweeted: "A la primera que Castillo se una con...
2025-10-26 17:06:35.620193 - INFO - Dato registrado -> remitente: info@twitter.com
2025-10-26 17:06:35.784387 - INFO - Dato registrado -> destinatario: challcojuarezjarekangelo@gmail.com
2025-10-26 17:06:36.036288 - INFO - Dato registrado -> cuerpo: ...
2025-10-26 17:06:39.847700 - INFO - Procesando correo ID: 2247
2025-10-26 17:06:40.104976 - INFO - Leyendo correo de: info@twitter.com
2025-10-26 17:06:40.489417 - INFO - Iniciando registro de datos en el sistema
2025-10-26 17:06:41.048718 - INFO - Finalizando guardado de datos
2025-10-26 17:06:41.289026 - INFO - Dato registrado -> fecha: 2022-05-28 04:07:44
2025-10-26 17:06:41.457232 - INFO - Dato registrado -> asunto: Augusto Thorndike Tweeted: Vamos con todo!
2025-10-26 17:06:41.696132 - INFO - Dato registrado -> remitente: info@twitter.com
2025-10-26 17:06:41.844415 - INFO - Dato registrado -> destinatario: challcojuarezjarekangelo@gmail.com
2025-10-26 17:06:42.086453 - INFO - Dato registrado -> cuerpo: ...
2025-10-26 17:06:46.410708 - INFO - Procesando correo ID: 2256
2025-10-26 17:06:46.653732 - INFO - Leyendo correo de: info@twitter.com
2025-10-26 17:06:47.056573 - INFO - Iniciando registro de datos en el sistema
2025-10-26 17:06:47.640996 - INFO - Finalizando guardado de datos
2025-10-26 17:06:47.863108 - INFO - Dato registrado -> fecha: 2022-05-29 02:13:57
2025-10-26 17:06:48.051688 - INFO - Dato registrado -> asunto: Carla Garcia B  Tweeted: Licencia de Club Apurimac fue tramitada e...
2025-10-26 17:06:48.272904 - INFO - Dato registrado -> remitente: info@twitter.com
2025-10-26 17:06:48.462844 - INFO - Dato registrado -> destinatario: challcojuarezjarekangelo@gmail.com
2025-10-26 17:06:48.661687 - INFO - Dato registrado -> cuerpo: ...
2025-10-26 17:06:52.772771 - INFO - Procesando correo ID: 2258
2025-10-26 17:06:53.050506 - INFO - Leyendo correo de: info@twitter.com
2025-10-26 17:06:53.454308 - INFO - Iniciando registro de datos en el sistema
2025-10-26 17:06:53.996520 - INFO - Finalizando guardado de datos
2025-10-26 17:06:54.264993 - INFO - Dato registrado -> fecha: 2022-05-29 13:30:05
2025-10-26 17:06:54.402282 - INFO - Dato registrado -> asunto: Club Real Juventud Fujimori FC Tweeted: Gracias Kenyi, manana dejare...
2025-10-26 17:06:54.663911 - INFO - Dato registrado -> remitente: info@twitter.com
2025-10-26 17:06:54.789358 - INFO - Dato registrado -> destinatario: challcojuarezjarekangelo@gmail.com
2025-10-26 17:06:55.064470 - INFO - Dato registrado -> cuerpo: ...
2025-10-26 17:06:59.264522 - INFO - Procesando correo ID: 2263
2025-10-26 17:06:59.529505 - INFO - Leyendo correo de: info@twitter.com
2025-10-26 17:06:59.919302 - INFO - Iniciando registro de datos en el sistema
2025-10-26 17:07:00.473495 - INFO - Finalizando guardado de datos
2025-10-26 17:07:00.736125 - INFO - Dato registrado -> fecha: 2022-05-30 07:45:56
2025-10-26 17:07:00.896484 - INFO - Dato registrado -> asunto: Pamela Vertiz Tweeted: Todos los caminos conducen al prosor
2025-10-26 17:07:01.133612 - INFO - Dato registrado -> remitente: info@twitter.com
2025-10-26 17:07:01.299286 - INFO - Dato registrado -> destinatario: challcojuarezjarekangelo@gmail.com
2025-10-26 17:07:01.549706 - INFO - Dato registrado -> cuerpo: ...
2025-10-26 17:07:05.282167 - INFO - Procesando correo ID: 2270
2025-10-26 17:07:05.539513 - INFO - Leyendo correo de: info@twitter.com
2025-10-26 17:07:05.938055 - INFO - Iniciando registro de datos en el sistema
2025-10-26 17:07:06.507357 - INFO - Finalizando guardado de datos
2025-10-26 17:07:06.730715 - INFO - Dato registrado -> fecha: 2022-05-31 01:39:48
2025-10-26 17:07:06.932769 - INFO - Dato registrado -> asunto: Diario Expreso Tweeted:  Es posible dictar impedimento de salida a...
2025-10-26 17:07:07.120504 - INFO - Dato registrado -> remitente: info@twitter.com
2025-10-26 17:07:07.350789 - INFO - Dato registrado -> destinatario: challcojuarezjarekangelo@gmail.com
2025-10-26 17:07:07.535131 - INFO - Dato registrado -> cuerpo: ...
2025-10-26 17:07:11.640939 - INFO - Procesando correo ID: 2275
2025-10-26 17:07:11.912019 - INFO - Leyendo correo de: info@twitter.com
2025-10-26 17:07:12.344359 - INFO - Iniciando registro de datos en el sistema
2025-10-26 17:07:12.890083 - INFO - Finalizando guardado de datos
2025-10-26 17:07:13.161848 - INFO - Dato registrado -> fecha: 2022-05-31 12:11:10
2025-10-26 17:07:13.290361 - INFO - Dato registrado -> asunto: Richard Arce Tweeted: Ya somos verguenza mundial
2025-10-26 17:07:13.564082 - INFO - Dato registrado -> remitente: info@twitter.com
2025-10-26 17:07:13.704115 - INFO - Dato registrado -> destinatario: challcojuarezjarekangelo@gmail.com
2025-10-26 17:07:13.978585 - INFO - Dato registrado -> cuerpo: ...
2025-10-26 17:07:18.036985 - INFO - Procesando correo ID: 2281
2025-10-26 17:07:18.287827 - INFO - Leyendo correo de: info@twitter.com
2025-10-26 17:07:18.687823 - INFO - Iniciando registro de datos en el sistema
2025-10-26 17:07:19.242987 - INFO - Finalizando guardado de datos
2025-10-26 17:07:19.497940 - INFO - Dato registrado -> fecha: 2022-06-01 06:11:02
2025-10-26 17:07:19.891626 - INFO - Dato registrado -> remitente: info@twitter.com
2025-10-26 17:07:20.036817 - INFO - Dato registrado -> destinatario: challcojuarezjarekangelo@gmail.com
2025-10-26 17:07:20.298866 - INFO - Dato registrado -> cuerpo: ...
2025-10-26 17:07:24.129591 - INFO - Procesando correo ID: 2287
2025-10-26 17:07:24.373426 - INFO - Leyendo correo de: info@twitter.com
2025-10-26 17:07:24.767725 - INFO - Iniciando registro de datos en el sistema
2025-10-26 17:07:25.345059 - INFO - Finalizando guardado de datos
2025-10-26 17:07:25.581521 - INFO - Dato registrado -> fecha: 2022-06-02 00:55:30
2025-10-26 17:07:25.973345 - INFO - Dato registrado -> remitente: info@twitter.com
2025-10-26 17:07:26.169012 - INFO - Dato registrado -> destinatario: challcojuarezjarekangelo@gmail.com
2025-10-26 17:07:26.356299 - INFO - Dato registrado -> cuerpo: ...
2025-10-26 17:07:30.366860 - INFO - Procesando correo ID: 2296
2025-10-26 17:07:30.618124 - INFO - Leyendo correo de: info@twitter.com
2025-10-26 17:07:31.022603 - INFO - Iniciando registro de datos en el sistema
2025-10-26 17:07:31.609822 - INFO - Finalizando guardado de datos
2025-10-26 17:07:31.824471 - INFO - Dato registrado -> fecha: 2022-06-02 15:49:59
2025-10-26 17:07:32.009586 - INFO - Dato registrado -> asunto: Alejandro Cavero Tweeted: No mas pobres en un pais rico...
2025-10-26 17:07:32.217438 - INFO - Dato registrado -> remitente: info@twitter.com
2025-10-26 17:07:32.412768 - INFO - Dato registrado -> destinatario: challcojuarezjarekangelo@gmail.com
2025-10-26 17:07:32.619586 - INFO - Dato registrado -> cuerpo: ...
2025-10-26 17:07:36.612289 - INFO - Procesando correo ID: 2302
2025-10-26 17:07:36.844780 - INFO - Leyendo correo de: info@twitter.com
2025-10-26 17:07:37.227942 - INFO - Iniciando registro de datos en el sistema
2025-10-26 17:07:37.788869 - INFO - Finalizando guardado de datos
2025-10-26 17:07:38.034249 - INFO - Dato registrado -> fecha: 2022-06-03 14:37:47
2025-10-26 17:07:38.202807 - INFO - Dato registrado -> asunto: ARI GAMEPLAYS ?? Tweeted: RT @marceloxherter: Todos merecemos a...
2025-10-26 17:07:38.429475 - INFO - Dato registrado -> remitente: info@twitter.com
2025-10-26 17:07:38.630328 - INFO - Dato registrado -> destinatario: challcojuarezjarekangelo@gmail.com
2025-10-26 17:07:38.843424 - INFO - Dato registrado -> cuerpo: ...
2025-10-26 17:07:42.841204 - INFO - Procesando correo ID: 2308
2025-10-26 17:07:43.097107 - INFO - Leyendo correo de: info@twitter.com
2025-10-26 17:07:43.519717 - INFO - Iniciando registro de datos en el sistema
2025-10-26 17:07:44.037650 - INFO - Finalizando guardado de datos
2025-10-26 17:07:44.305272 - INFO - Dato registrado -> fecha: 2022-06-04 09:13:51
2025-10-26 17:07:44.438453 - INFO - Dato registrado -> asunto: ElPolloFarsante Tweeted: Nunca subestimes al canal que nadie ve. Est...
2025-10-26 17:07:44.693767 - INFO - Dato registrado -> remitente: info@twitter.com
2025-10-26 17:07:44.822368 - INFO - Dato registrado -> destinatario: challcojuarezjarekangelo@gmail.com
2025-10-26 17:07:45.092406 - INFO - Dato registrado -> cuerpo: ...
2025-10-26 17:07:49.091241 - INFO - Procesando correo ID: 2322
2025-10-26 17:07:49.337021 - INFO - Leyendo correo de: info@twitter.com
2025-10-26 17:07:49.726442 - INFO - Iniciando registro de datos en el sistema
2025-10-26 17:07:50.312691 - INFO - Finalizando guardado de datos
2025-10-26 17:07:50.532454 - INFO - Dato registrado -> fecha: 2022-06-06 13:46:08
2025-10-26 17:07:50.714046 - INFO - Dato registrado -> asunto: Martha Chavez Cossio Tweeted: Y sin verguenza alguna!
2025-10-26 17:07:50.917437 - INFO - Dato registrado -> remitente: info@twitter.com
2025-10-26 17:07:51.108239 - INFO - Dato registrado -> destinatario: challcojuarezjarekangelo@gmail.com
2025-10-26 17:07:51.340160 - INFO - Dato registrado -> cuerpo: ...
2025-10-26 17:07:55.534351 - INFO - Procesando correo ID: 2343
2025-10-26 17:07:55.784281 - INFO - Leyendo correo de: info@twitter.com
2025-10-26 17:07:56.175129 - INFO - Iniciando registro de datos en el sistema
2025-10-26 17:07:56.729164 - INFO - Finalizando guardado de datos
2025-10-26 17:07:56.964023 - INFO - Dato registrado -> fecha: 2022-06-09 15:42:40
2025-10-26 17:07:57.130793 - INFO - Dato registrado -> asunto: ElPolloFarsante Tweeted: A falta de Run Run...
2025-10-26 17:07:57.357293 - INFO - Dato registrado -> remitente: info@twitter.com
2025-10-26 17:07:57.534404 - INFO - Dato registrado -> destinatario: challcojuarezjarekangelo@gmail.com
2025-10-26 17:07:57.769848 - INFO - Dato registrado -> cuerpo: ...
2025-10-26 17:08:01.871828 - INFO - Procesando correo ID: 4373
2025-10-26 17:08:02.144199 - INFO - Leyendo correo de: mail@depositphotos.com
2025-10-26 17:08:02.547226 - INFO - Iniciando registro de datos en el sistema
2025-10-26 17:08:03.064624 - INFO - Finalizando guardado de datos
2025-10-26 17:08:03.343131 - INFO - Dato registrado -> fecha: 2023-08-24 08:31:01
2025-10-26 17:08:03.457940 - INFO - Dato registrado -> asunto: ¡Nuevaoferta! Ahorre un 70% enimagenes
2025-10-26 17:08:03.728234 - INFO - Dato registrado -> remitente: mail@depositphotos.com
2025-10-26 17:08:03.837317 - INFO - Dato registrado -> destinatario: challcojuarezjarekangelo@gmail.com
2025-10-26 17:08:04.124133 - INFO - Dato registrado -> cuerpo: Compre descargas ahora, uselas en cualquier momento ...
2025-10-26 17:08:07.897359 - INFO - Procesando correo ID: 4375
2025-10-26 17:08:08.144618 - INFO - Leyendo correo de: Reply@email.jbl.com
2025-10-26 17:08:08.611514 - INFO - Iniciando registro de datos en el sistema
2025-10-26 17:08:09.498882 - INFO - Finalizando guardado de datos
2025-10-26 17:08:09.695827 - INFO - Dato registrado -> fecha: 2023-08-24 16:31:17
2025-10-26 17:08:09.949762 - INFO - Dato registrado -> asunto: Premiamos tu corazon gamer
2025-10-26 17:08:10.167182 - INFO - Dato registrado -> remitente: Reply@email.jbl.com
2025-10-26 17:08:10.397973 - INFO - Dato registrado -> destinatario: challcojuarezjarekangelo@gmail.com
2025-10-26 17:08:10.616890 - INFO - Dato registrado -> cuerpo: Celebremos juntos con hasta 45%OFF Por qu comprar con nosotros? Servicios de Entrega Garanta de Fbrica Soporte en lnea gratuito ...
2025-10-26 17:08:15.306659 - INFO - Procesando correo ID: 4380
2025-10-26 17:08:15.710037 - INFO - Leyendo correo de: olimpo@info.olimpo.bet
2025-10-26 17:08:16.505104 - INFO - Iniciando registro de datos en el sistema
2025-10-26 17:08:17.716138 - INFO - Finalizando guardado de datos
2025-10-26 17:08:18.129007 - INFO - Dato registrado -> fecha: 2023-08-25 11:25:00
2025-10-26 17:08:18.533409 - INFO - Dato registrado -> asunto: ¡HOYvuelven los PARTIDAZOS EUROPEOS!
2025-10-26 17:08:18.936536 - INFO - Dato registrado -> remitente: olimpo@info.olimpo.bet
2025-10-26 17:08:19.340065 - INFO - Dato registrado -> destinatario: challcojuarezjarekangelo@gmail.com
2025-10-26 17:08:19.734870 - INFO - Dato registrado -> cuerpo: ¡RECIBE S/40 SIN ROLLOVER por tu 1era RECARGA de S/10! ...
2025-10-26 17:08:24.952106 - INFO - Procesando correo ID: 4384
2025-10-26 17:08:25.411371 - INFO - Leyendo correo de: contacto@pe.bancofalabella.com
2025-10-26 17:08:26.278215 - INFO - Iniciando registro de datos en el sistema
2025-10-26 17:08:27.927377 - INFO - Finalizando guardado de datos
2025-10-26 17:08:28.382431 - INFO - Dato registrado -> fecha: 2023-08-25 17:13:05
2025-10-26 17:08:28.855546 - INFO - Dato registrado -> asunto: ¡Super tasa de 8.5% en soles! Haz crecer tu dinero YA
2025-10-26 17:08:29.331203 - INFO - Dato registrado -> remitente: contacto@pe.bancofalabella.com
2025-10-26 17:08:29.787156 - INFO - Dato registrado -> destinatario: CHALLCOJUAREZJAREKANGELO@GMAIL.COM
2025-10-26 17:08:30.244914 - INFO - Dato registrado -> cuerpo: ¡Hola JAREK ANGELO! brelo hoydesde S/500 o $160 y aprovecha lassper tasas: Tienes dudas? Realiza todas tus consultas a travs de WhatsApp + 51 16154300, nica lnea verificada @bancofalabella_pe BancoFalabell...
2025-10-26 17:08:35.241564 - INFO - Procesando correo ID: 4386
2025-10-26 17:08:35.459165 - INFO - Leyendo correo de: CLUB.Promociones@mail.app.agora.pe
2025-10-26 17:08:35.911675 - INFO - Iniciando registro de datos en el sistema
2025-10-26 17:08:36.595705 - INFO - Finalizando guardado de datos
2025-10-26 17:08:36.826672 - INFO - Dato registrado -> fecha: 2023-08-25 18:02:58
2025-10-26 17:08:37.075104 - INFO - Dato registrado -> asunto: ¡BOMBA PROMOCIONAL CLUB con PlazaVea! SOLO hasta el 28 de agosto del 2023.
2025-10-26 17:08:37.297614 - INFO - Dato registrado -> remitente: CLUB.Promociones@mail.app.agora.pe
2025-10-26 17:08:37.547020 - INFO - Dato registrado -> destinatario: challcojuarezjarekangelo@gmail.com
2025-10-26 17:08:37.757407 - INFO - Dato registrado -> cuerpo: Jarek, no dejes pasar estas bombas de AHORRO. ¿No puedes ver el contenido del mensaje? Haz clic aqui. Jarek, no dejes pasar estas promos solo hasta el 28 de agosto del 2023. Legal: Valido del 25/08/23 al 28/08/23 solo para clientes inscritos en el aplicativ...
2025-10-26 17:08:41.655386 - INFO - Procesando correo ID: 4389
2025-10-26 17:08:41.813665 - INFO - Leyendo correo de: olimpo@info.olimpo.bet
2025-10-26 17:08:42.212895 - INFO - Iniciando registro de datos en el sistema
2025-10-26 17:08:42.880425 - INFO - Finalizando guardado de datos
2025-10-26 17:08:43.005631 - INFO - Dato registrado -> fecha: 2023-08-26 11:00:00
2025-10-26 17:08:43.259371 - INFO - Dato registrado -> asunto: ¡INICIA la PENULTIMAFECHA de la LIGA 1!
2025-10-26 17:08:43.576064 - INFO - Dato registrado -> remitente: olimpo@info.olimpo.bet
2025-10-26 17:08:43.668101 - INFO - Dato registrado -> destinatario: challcojuarezjarekangelo@gmail.com
2025-10-26 17:08:44.071415 - INFO - Dato registrado -> cuerpo: ¡RECIBE S/40 SIN ROLLOVER por tu 1era RECARGA de S/10! ...
2025-10-26 17:08:47.855444 - INFO - Procesando correo ID: 4391
2025-10-26 17:08:48.116751 - INFO - Leyendo correo de: olimpo@info.olimpo.bet
2025-10-26 17:08:48.515604 - INFO - Iniciando registro de datos en el sistema
2025-10-26 17:08:49.050662 - INFO - Finalizando guardado de datos
2025-10-26 17:08:49.303927 - INFO - Dato registrado -> fecha: 2023-08-26 17:00:00
2025-10-26 17:08:49.691390 - INFO - Dato registrado -> remitente: olimpo@info.olimpo.bet
2025-10-26 17:08:49.850669 - INFO - Dato registrado -> destinatario: challcojuarezjarekangelo@gmail.com
2025-10-26 17:08:50.103639 - INFO - Dato registrado -> cuerpo: ¡RECIBE S/40 SIN ROLLOVER por tu 1era RECARGA de S/10! ...
2025-10-26 17:08:53.805332 - INFO - Procesando correo ID: 4393
2025-10-26 17:08:54.059351 - INFO - Leyendo correo de: olimpo@info.olimpo.bet
2025-10-26 17:08:54.471231 - INFO - Iniciando registro de datos en el sistema
2025-10-26 17:08:55.020667 - INFO - Finalizando guardado de datos
2025-10-26 17:08:55.266583 - INFO - Dato registrado -> fecha: 2023-08-27 11:00:00
2025-10-26 17:08:55.442876 - INFO - Dato registrado -> asunto: ¡LaU enfrenta a GRAU por la LIGA 1 en su RECTA FINAL!
2025-10-26 17:08:55.655263 - INFO - Dato registrado -> remitente: olimpo@info.olimpo.bet
2025-10-26 17:08:55.856666 - INFO - Dato registrado -> destinatario: challcojuarezjarekangelo@gmail.com
2025-10-26 17:08:56.043790 - INFO - Dato registrado -> cuerpo: ¡RECIBE S/40 SIN ROLLOVER por tu 1era RECARGA de S/10! ...
2025-10-26 17:08:59.895870 - INFO - Procesando correo ID: 4395
2025-10-26 17:09:00.136183 - INFO - Leyendo correo de: CLUB.Promociones@mail.app.agora.pe
2025-10-26 17:09:00.612210 - INFO - Iniciando registro de datos en el sistema
2025-10-26 17:09:01.241020 - INFO - Finalizando guardado de datos
2025-10-26 17:09:01.686648 - INFO - Dato registrado -> fecha: 2023-08-27 17:02:33
2025-10-26 17:09:01.942437 - INFO - Dato registrado -> asunto: ¡BOMBA PROMOCIONAL CLUB con INKAFARMA! Productos desde S/ 6.90
2025-10-26 17:09:02.127847 - INFO - Dato registrado -> remitente: CLUB.Promociones@mail.app.agora.pe
2025-10-26 17:09:02.408769 - INFO - Dato registrado -> destinatario: challcojuarezjarekangelo@gmail.com
2025-10-26 17:09:02.586803 - INFO - Dato registrado -> cuerpo: Jarek, no dejes pasar esta ltima oportunidad. ¿No puedes ver el contenido del mensaje? Haz clic aqui. Jarek, no dejes pasar estas promos UNICAS. Legal: Promociones validas a nivel nacional del 01 al 31 de agosto de 2023 o hasta agotar stock minimo de 500 u...
2025-10-26 17:09:06.563600 - INFO - Procesando correo ID: 4401
2025-10-26 17:09:06.801045 - INFO - Leyendo correo de: mail@depositphotos.com
2025-10-26 17:09:07.198353 - INFO - Iniciando registro de datos en el sistema
2025-10-26 17:09:07.751372 - INFO - Finalizando guardado de datos
2025-10-26 17:09:07.967785 - INFO - Dato registrado -> fecha: 2023-08-28 08:33:35
2025-10-26 17:09:08.166061 - INFO - Dato registrado -> asunto: ¿Quiereahorrar $ 219 con un solo clic?
2025-10-26 17:09:08.366614 - INFO - Dato registrado -> remitente: mail@depositphotos.com
2025-10-26 17:09:08.557408 - INFO - Dato registrado -> destinatario: challcojuarezjarekangelo@gmail.com
2025-10-26 17:09:08.767415 - INFO - Dato registrado -> cuerpo: Quedan 3 dias hasta que expire la oferta. Todas las imagenes ahora rebajadas ...
2025-10-26 17:09:12.601609 - INFO - Procesando correo ID: 4403
2025-10-26 17:09:12.869851 - INFO - Leyendo correo de: contacto@pe.bancofalabella.com
2025-10-26 17:09:13.282406 - INFO - Iniciando registro de datos en el sistema
2025-10-26 17:09:13.818415 - INFO - Finalizando guardado de datos
2025-10-26 17:09:14.082307 - INFO - Dato registrado -> fecha: 2023-08-28 14:41:19
2025-10-26 17:09:14.234111 - INFO - Dato registrado -> asunto: ¡Ahorra s/50 en Tottus!
2025-10-26 17:09:14.471994 - INFO - Dato registrado -> remitente: contacto@pe.bancofalabella.com
2025-10-26 17:09:14.628971 - INFO - Dato registrado -> destinatario: CHALLCOJUAREZJAREKANGELO@GMAIL.COM
2025-10-26 17:09:14.861732 - INFO - Dato registrado -> cuerpo: Para ver el correo electr&#;nico como una p&#;gina web, https://view.corp.bancofalabella.com/?qs=8b2ca2dbaf01b91bb0f4c41a03a31c1747ea42b4164b019ab6ac6951002a28bf9172c14a352aaec148ecaeb97626efa4c9190b6b51e0aa0e5dd0f5d78fa29de0381f44e0b85ca5834a9917b4372b38c08da553af33156f58 Haga click aqu&#; . ...
2025-10-26 17:09:18.895055 - INFO - Procesando correo ID: 4405
2025-10-26 17:09:19.146178 - INFO - Leyendo correo de: info@members.netflix.com
2025-10-26 17:09:19.527365 - INFO - Iniciando registro de datos en el sistema
2025-10-26 17:09:20.109002 - INFO - Finalizando guardado de datos
2025-10-26 17:09:20.320693 - INFO - Dato registrado -> fecha: 2023-08-28 17:20:34
2025-10-26 17:09:20.515511 - INFO - Dato registrado -> asunto: Jarek Angelo, te presentamos todo lo que llegara a Netflix pronto
2025-10-26 17:09:20.738150 - INFO - Dato registrado -> remitente: info@members.netflix.com
2025-10-26 17:09:20.913021 - INFO - Dato registrado -> destinatario: challcojuarezjarekangelo@gmail.com
2025-10-26 17:09:21.133550 - INFO - Dato registrado -> cuerpo: Sabemos que estos titulos te van a encantar.                                                                                      ...
2025-10-26 17:09:25.003231 - INFO - Procesando correo ID: 4407
2025-10-26 17:09:25.239321 - INFO - Leyendo correo de: novedades@mail.promart-agora.pe
2025-10-26 17:09:25.699872 - INFO - Iniciando registro de datos en el sistema
2025-10-26 17:09:26.344402 - INFO - Finalizando guardado de datos
2025-10-26 17:09:26.618520 - INFO - Dato registrado -> fecha: 2023-08-28 18:17:39
2025-10-26 17:09:26.805572 - INFO - Dato registrado -> asunto: Decora tu espacio con ESTILO al precio mas bajo
2025-10-26 17:09:27.080554 - INFO - Dato registrado -> remitente: novedades@mail.promart-agora.pe
2025-10-26 17:09:27.267395 - INFO - Dato registrado -> destinatario: challcojuarezjarekangelo@gmail.com

2025-10-26 17:09:31.919399 - INFO - Procesando correo ID: 4409
2025-10-26 17:09:32.187151 - INFO - Leyendo correo de: olimpo@info.olimpo.bet
2025-10-26 17:09:32.608163 - INFO - Iniciando registro de datos en el sistema
2025-10-26 17:09:33.135828 - INFO - Finalizando guardado de datos
2025-10-26 17:09:33.412100 - INFO - Dato registrado -> fecha: 2023-08-29 12:20:00
2025-10-26 17:09:33.539720 - INFO - Dato registrado -> asunto: ¡MANANAvuelve la LIBERTADORES y SUDAMERICANA!
2025-10-26 17:09:33.810228 - INFO - Dato registrado -> remitente: olimpo@info.olimpo.bet
2025-10-26 17:09:33.972098 - INFO - Dato registrado -> destinatario: challcojuarezjarekangelo@gmail.com
2025-10-26 17:09:34.214679 - INFO - Dato registrado -> cuerpo: ¡RECIBE S/40 SIN ROLLOVER por tu 1era RECARGA de S/10! ...